2013-05-28 16:24:50.668 smartShop[44446:c07] Multi-tasking -> Device: YES, App: YES
2013-05-28 16:24:50.980 smartShop[44446:c07] Resetting plugins due to page load.
2013-05-28 16:24:52.339 smartShop[44446:c07] Finished load of: file:///Users/Privacy/Library/Application%20Support/iPhone%20Simulator/6.1/Applications/97ACED0F-9AC9-4152-89F6-26066AFF6670/smartShop.app/www/index.html
2013-05-28 16:24:58.092 smartShop[44446:c07] CDVWebViewDelegate: Navigation started when state=1
2013-05-28 16:24:58.093 smartShop[44446:c07] Failed to load webpage with error: (null)
2013-05-28 16:25:00.377 smartShop[44446:c07] CDVWebViewDelegate: Navigation started when state=1
2013-05-28 16:25:00.377 smartShop[44446:c07] Failed to load webpage with error: (null)
May 28 16:25:01 HoumatoMacBook-Pro.local smartShop[44446] <Error>: CGAffineTransformInvert: singular matrix.
May 28 16:25:01 HoumatoMacBook-Pro.local smartShop[44446] <Error>: CGAffineTransformInvert: singular matrix.
May 28 16:25:01 HoumatoMacBook-Pro.local smartShop[44446] <Error>: CGAffineTransformInvert: singular matrix.
May 28 16:25:01 HoumatoMacBook-Pro.local smartShop[44446] <Error>: CGAffineTransformInvert: singular matrix.
May 28 16:25:01 HoumatoMacBook-Pro.local smartShop[44446] <Error>: CGAffineTransformInvert: singular matrix.
May 28 16:25:01 HoumatoMacBook-Pro.local smartShop[44446] <Error>: CGAffineTransformInvert: singular matrix.
May 28 16:25:01 HoumatoMacBook-Pro.local smartShop[44446] <Error>: CGAffineTransformInvert: singular matrix.
May 28 16:25:01 HoumatoMacBook-Pro.local smartShop[44446] <Error>: CGAffineTransformInvert: singular matrix.
May 28 16:25:03 HoumatoMacBook-Pro.local smartShop[44446] <Error>: CGAffineTransformInvert: singular matrix.
May 28 16:25:03 HoumatoMacBook-Pro.local smartShop[44446] <Error>: CGAffineTransformInvert: singular matrix.
2013-05-28 16:25:05.129 smartShop[44446:c07] CDVWebViewDelegate: Navigation started when state=1
2013-05-28 16:25:05.129 smartShop[44446:c07] Failed to load webpage with error: (null)
May 28 16:25:05 HoumatoMacBook-Pro.local smartShop[44446] <Error>: CGAffineTransformInvert: singular matrix.
May 28 16:25:05 HoumatoMacBook-Pro.local smartShop[44446] <Error>: CGAffineTransformInvert: singular matrix.
2013-05-28 16:25:15.681 smartShop[44446:c07] CDVWebViewDelegate: Navigation started when state=1
2013-05-28 16:25:15.682 smartShop[44446:c07] Failed to load webpage with error: (null)
May 28 16:25:15 HoumatoMacBook-Pro.local smartShop[44446] <Error>: CGAffineTransformInvert: singular matrix.
May 28 16:25:15 HoumatoMacBook-Pro.local smartShop[44446] <Error>: CGAffineTransformInvert: singular matrix.
May 28 16:25:15 HoumatoMacBook-Pro.local smartShop[44446] <Error>: CGAffineTransformInvert: singular matrix.
May 28 16:25:15 HoumatoMacBook-Pro.local smartShop[44446] <Error>: CGAffineTransformInvert: singular matrix.
May 28 16:25:15 HoumatoMacBook-Pro.local smartShop[44446] <Error>: CGAffineTransformInvert: singular matrix.
May 28 16:25:15 HoumatoMacBook-Pro.local smartShop[44446] <Error>: CGAffineTransformInvert: singular matrix.
May 28 16:25:16 HoumatoMacBook-Pro.local smartShop[44446] <Error>: CGAffineTransformInvert: singular matrix.
May 28 16:25:16 HoumatoMacBook-Pro.local smartShop[44446] <Error>: CGAffineTransformInvert: singular matrix.
2013-05-28 16:25:17.983 smartShop[44446:c07] CDVWebViewDelegate: Navigation started when state=1
2013-05-28 16:25:17.983 smartShop[44446:c07] Failed to load webpage with error: (null)
May 28 16:25:18 HoumatoMacBook-Pro.local smartShop[44446] <Error>: CGAffineTransformInvert: singular matrix.
May 28 16:25:18 HoumatoMacBook-Pro.local smartShop[44446] <Error>: CGAffineTransformInvert: singular matrix.
2013-05-28 16:25:39.971 smartShop[44446:c07] CDVWebViewDelegate: Navigation started when state=1
2013-05-28 16:25:39.971 smartShop[44446:c07] Failed to load webpage with error: (null)
2013-05-28 16:25:54.188 smartShop[44446:c07] CDVWebViewDelegate: Navigation started when state=1
2013-05-28 16:25:54.188 smartShop[44446:c07] Failed to load webpage with error: (null)
May 28 16:25:54 HoumatoMacBook-Pro.local smartShop[44446] <Error>: CGAffineTransformInvert: singular matrix.
May 28 16:25:54 HoumatoMacBook-Pro.local smartShop[44446] <Error>: CGAffineTransformInvert: singular matrix.
May 28 16:25:54 HoumatoMacBook-Pro.local smartShop[44446] <Error>: CGAffineTransformInvert: singular matrix.
May 28 16:25:54 HoumatoMacBook-Pro.local smartShop[44446] <Error>: CGAffineTransformInvert: singular matrix.
May 28 16:25:54 HoumatoMacBook-Pro.local smartShop[44446] <Error>: CGAffineTransformInvert: singular matrix.
May 28 16:25:54 HoumatoMacBook-Pro.local smartShop[44446] <Error>: CGAffineTransformInvert: singular matrix.
May 28 16:25:54 HoumatoMacBook-Pro.local smartShop[44446] <Error>: CGAffineTransformInvert: singular matrix.
May 28 16:25:54 HoumatoMacBook-Pro.local smartShop[44446] <Error>: CGAffineTransformInvert: singular matrix.
May 28 16:26:10 HoumatoMacBook-Pro.local smartShop[44446] <Error>: CGAffineTransformInvert: singular matrix.
May 28 16:26:10 HoumatoMacBook-Pro.local smartShop[44446] <Error>: CGAffineTransformInvert: singular matrix.
May 28 16:26:12 HoumatoMacBook-Pro.local smartShop[44446] <Error>: CGAffineTransformInvert: singular matrix.
May 28 16:26:12 HoumatoMacBook-Pro.local smartShop[44446] <Error>: CGAffineTransformInvert: singular matrix.
May 28 16:26:12 HoumatoMacBook-Pro.local smartShop[44446] <Error>: CGAffineTransformInvert: singular matrix.
May 28 16:26:12 HoumatoMacBook-Pro.local smartShop[44446] <Error>: CGAffineTransformInvert: singular matrix.
May 28 16:26:13 HoumatoMacBook-Pro.local smartShop[44446] <Error>: CGAffineTransformInvert: singular matrix.
May 28 16:26:13 HoumatoMacBook-Pro.local smartShop[44446] <Error>: CGAffineTransformInvert: singular matrix.
May 28 16:26:13 HoumatoMacBook-Pro.local smartShop[44446] <Error>: CGAffineTransformInvert: singular matrix.
May 28 16:26:13 HoumatoMacBook-Pro.local smartShop[44446] <Error>: CGAffineTransformInvert: singular matrix.
May 28 16:26:13 HoumatoMacBook-Pro.local smartShop[44446] <Error>: CGAffineTransformInvert: singular matrix.
May 28 16:26:13 HoumatoMacBook-Pro.local smartShop[44446] <Error>: CGAffineTransformInvert: singular matrix.
May 28 16:26:13 HoumatoMacBook-Pro.local smartShop[44446] <Error>: CGAffineTransformInvert: singular matrix.
May 28 16:26:13 HoumatoMacBook-Pro.local smartShop[44446] <Error>: CGAffineTransformInvert: singular matrix.
May 28 16:26:13 HoumatoMacBook-Pro.local smartShop[44446] <Error>: CGAffineTransformInvert: singular matrix.
May 28 16:26:13 HoumatoMacBook-Pro.local smartShop[44446] <Error>: CGAffineTransformInvert: singular matrix.
May 28 16:26:13 HoumatoMacBook-Pro.local smartShop[44446] <Error>: CGAffineTransformInvert: singular matrix.
May 28 16:26:13 HoumatoMacBook-Pro.local smartShop[44446] <Error>: CGAffineTransformInvert: singular matrix.
May 28 16:26:13 HoumatoMacBook-Pro.local smartShop[44446] <Error>: CGAffineTransformInvert: singular matrix.
May 28 16:26:13 HoumatoMacBook-Pro.local smartShop[44446] <Error>: CGAffineTransformInvert: singular matrix.
May 28 16:26:15 HoumatoMacBook-Pro.local smartShop[44446] <Error>: CGAffineTransformInvert: singular matrix.
May 28 16:26:15 HoumatoMacBook-Pro.local smartShop[44446] <Error>: CGAffineTransformInvert: singular matrix.
May 28 16:26:15 HoumatoMacBook-Pro.local smartShop[44446] <Error>: CGAffineTransformInvert: singular matrix.
May 28 16:26:15 HoumatoMacBook-Pro.local smartShop[44446] <Error>: CGAffineTransformInvert: singular matrix.
May 28 16:26:15 HoumatoMacBook-Pro.local smartShop[44446] <Error>: CGAffineTransformInvert: singular matrix.
May 28 16:26:15 HoumatoMacBook-Pro.local smartShop[44446] <Error>: CGAffineTransformInvert: singular matrix.
May 28 16:26:15 HoumatoMacBook-Pro.local smartShop[44446] <Error>: CGAffineTransformInvert: singular matrix.
May 28 16:26:15 HoumatoMacBook-Pro.local smartShop[44446] <Error>: CGAffineTransformInvert: singular matrix.
May 28 16:26:15 HoumatoMacBook-Pro.local smartShop[44446] <Error>: CGAffineTransformInvert: singular matrix.
May 28 16:26:15 HoumatoMacBook-Pro.local smartShop[44446] <Error>: CGAffineTransformInvert: singular matrix.
May 28 16:26:15 HoumatoMacBook-Pro.local smartShop[44446] <Error>: CGAffineTransformInvert: singular matrix.
May 28 16:26:15 HoumatoMacBook-Pro.local smartShop[44446] <Error>: CGAffineTransformInvert: singular matrix.
May 28 16:26:15 HoumatoMacBook-Pro.local smartShop[44446] <Error>: CGAffineTransformInvert: singular matrix.
May 28 16:26:15 HoumatoMacBook-Pro.local smartShop[44446] <Error>: CGAffineTransformInvert: singular matrix.
May 28 16:26:15 HoumatoMacBook-Pro.local smartShop[44446] <Error>: CGAffineTransformInvert: singular matrix.
May 28 16:26:15 HoumatoMacBook-Pro.local smartShop[44446] <Error>: CGAffineTransformInvert: singular matrix.
May 28 16:26:16 HoumatoMacBook-Pro.local smartShop[44446] <Error>: CGAffineTransformInvert: singular matrix.
May 28 16:26:16 HoumatoMacBook-Pro.local smartShop[44446] <Error>: CGAffineTransformInvert: singular matrix.
May 28 16:26:16 HoumatoMacBook-Pro.local smartShop[44446] <Error>: CGAffineTransformInvert: singular matrix.
May 28 16:26:16 HoumatoMacBook-Pro.local smartShop[44446] <Error>: CGAffineTransformInvert: singular matrix.
May 28 16:26:16 HoumatoMacBook-Pro.local smartShop[44446] <Error>: CGAffineTransformInvert: singular matrix.
May 28 16:26:16 HoumatoMacBook-Pro.local smartShop[44446] <Error>: CGAffineTransformInvert: singular matrix.
May 28 16:26:17 HoumatoMacBook-Pro.local smartShop[44446] <Error>: CGAffineTransformInvert: singular matrix.
May 28 16:26:17 HoumatoMacBook-Pro.local smartShop[44446] <Error>: CGAffineTransformInvert: singular matrix.
2013-05-28 16:26:18.758 smartShop[44446:c07] CDVWebViewDelegate: Navigation started when state=1
2013-05-28 16:26:18.759 smartShop[44446:c07] Failed to load webpage with error: (null)
May 28 16:26:18 HoumatoMacBook-Pro.local smartShop[44446] <Error>: CGAffineTransformInvert: singular matrix.
May 28 16:26:18 HoumatoMacBook-Pro.local smartShop[44446] <Error>: CGAffineTransformInvert: singular matrix.
May 28 16:26:18 HoumatoMacBook-Pro.local smartShop[44446] <Error>: CGAffineTransformInvert: singular matrix.
May 28 16:26:18 HoumatoMacBook-Pro.local smartShop[44446] <Error>: CGAffineTransformInvert: singular matrix.
May 28 16:26:18 HoumatoMacBook-Pro.local smartShop[44446] <Error>: CGAffineTransformInvert: singular matrix.
May 28 16:26:18 HoumatoMacBook-Pro.local smartShop[44446] <Error>: CGAffineTransformInvert: singular matrix.
May 28 16:26:18 HoumatoMacBook-Pro.local smartShop[44446] <Error>: CGAffineTransformInvert: singular matrix.
May 28 16:26:18 HoumatoMacBook-Pro.local smartShop[44446] <Error>: CGAffineTransformInvert: singular matrix.
May 28 16:26:18 HoumatoMacBook-Pro.local smartShop[44446] <Error>: CGAffineTransformInvert: singular matrix.
May 28 16:26:18 HoumatoMacBook-Pro.local smartShop[44446] <Error>: CGAffineTransformInvert: singular matrix.
May 28 16:26:19 HoumatoMacBook-Pro.local smartShop[44446] <Error>: CGAffineTransformInvert: singular matrix.
May 28 16:26:19 HoumatoMacBook-Pro.local smartShop[44446] <Error>: CGAffineTransformInvert: singular matrix.
May 28 16:26:25 HoumatoMacBook-Pro.local smartShop[44446] <Error>: CGAffineTransformInvert: singular matrix.
May 28 16:26:25 HoumatoMacBook-Pro.local smartShop[44446] <Error>: CGAffineTransformInvert: singular matrix.
May 28 16:26:27 HoumatoMacBook-Pro.local smartShop[44446] <Error>: CGAffineTransformInvert: singular matrix.
May 28 16:26:27 HoumatoMacBook-Pro.local smartShop[44446] <Error>: CGAffineTransformInvert: singular matrix.
May 28 16:26:28 HoumatoMacBook-Pro.local smartShop[44446] <Error>: CGAffineTransformInvert: singular matrix.
May 28 16:26:28 HoumatoMacBook-Pro.local smartShop[44446] <Error>: CGAffineTransformInvert: singular matrix.
May 28 17:11:27 HoumatoMacBook-Pro.local smartShop[44446] <Error>: CGAffineTransformInvert: singular matrix.
May 28 17:11:27 HoumatoMacBook-Pro.local smartShop[44446] <Error>: CGAffineTransformInvert: singular matrix.
May 28 17:11:29 HoumatoMacBook-Pro.local smartShop[44446] <Error>: CGAffineTransformInvert: singular matrix.
May 28 17:11:29 HoumatoMacBook-Pro.local smartShop[44446] <Error>: CGAffineTransformInvert: singular matrix.
May 28 17:11:29 HoumatoMacBook-Pro.local smartShop[44446] <Error>: CGAffineTransformInvert: singular matrix.
May 28 17:11:29 HoumatoMacBook-Pro.local smartShop[44446] <Error>: CGAffineTransformInvert: singular matrix.
May 28 17:11:30 HoumatoMacBook-Pro.local smartShop[44446] <Error>: CGAffineTransformInvert: singular matrix.
May 28 17:11:30 HoumatoMacBook-Pro.local smartShop[44446] <Error>: CGAffineTransformInvert: singular matrix.
May 28 17:11:30 HoumatoMacBook-Pro.local smartShop[44446] <Error>: CGAffineTransformInvert: singular matrix.
May 28 17:11:30 HoumatoMacBook-Pro.local smartShop[44446] <Error>: CGAffineTransformInvert: singular matrix.
May 28 17:11:30 HoumatoMacBook-Pro.local smartShop[44446] <Error>: CGAffineTransformInvert: singular matrix.
May 28 17:11:30 HoumatoMacBook-Pro.local smartShop[44446] <Error>: CGAffineTransformInvert: singular matrix.
May 28 17:11:30 HoumatoMacBook-Pro.local smartShop[44446] <Error>: CGAffineTransformInvert: singular matrix.
May 28 17:11:30 HoumatoMacBook-Pro.local smartShop[44446] <Error>: CGAffineTransformInvert: singular matrix.
May 28 17:11:30 HoumatoMacBook-Pro.local smartShop[44446] <Error>: CGAffineTransformInvert: singular matrix.
May 28 17:11:30 HoumatoMacBook-Pro.local smartShop[44446] <Error>: CGAffineTransformInvert: singular matrix.
May 28 17:11:30 HoumatoMacBook-Pro.local smartShop[44446] <Error>: CGAffineTransformInvert: singular matrix.
May 28 17:11:30 HoumatoMacBook-Pro.local smartShop[44446] <Error>: CGAffineTransformInvert: singular matrix.
May 28 17:11:30 HoumatoMacBook-Pro.local smartShop[44446] <Error>: CGAffineTransformInvert: singular matrix.
May 28 17:11:30 HoumatoMacBook-Pro.local smartShop[44446] <Error>: CGAffineTransformInvert: singular matrix.
May 28 17:11:31 HoumatoMacBook-Pro.local smartShop[44446] <Error>: CGAffineTransformInvert: singular matrix.
May 28 17:11:31 HoumatoMacBook-Pro.local smartShop[44446] <Error>: CGAffineTransformInvert: singular matrix.
May 28 17:11:31 HoumatoMacBook-Pro.local smartShop[44446] <Error>: CGAffineTransformInvert: singular matrix.
May 28 17:11:31 HoumatoMacBook-Pro.local smartShop[44446] <Error>: CGAffineTransformInvert: singular matrix.
May 28 17:11:31 HoumatoMacBook-Pro.local smartShop[44446] <Error>: CGAffineTransformInvert: singular matrix.
May 28 17:11:31 HoumatoMacBook-Pro.local smartShop[44446] <Error>: CGAffineTransformInvert: singular matrix.
May 28 17:11:31 HoumatoMacBook-Pro.local smartShop[44446] <Error>: CGAffineTransformInvert: singular matrix.
May 28 17:11:31 HoumatoMacBook-Pro.local smartShop[44446] <Error>: CGAffineTransformInvert: singular matrix.
May 28 17:11:31 HoumatoMacBook-Pro.local smartShop[44446] <Error>: CGAffineTransformInvert: singular matrix.
May 28 17:11:31 HoumatoMacBook-Pro.local smartShop[44446] <Error>: CGAffineTransformInvert: singular matrix.
May 28 17:11:31 HoumatoMacBook-Pro.local smartShop[44446] <Error>: CGAffineTransformInvert: singular matrix.
May 28 17:11:31 HoumatoMacBook-Pro.local smartShop[44446] <Error>: CGAffineTransformInvert: singular matrix.
May 28 17:11:31 HoumatoMacBook-Pro.local smartShop[44446] <Error>: CGAffineTransformInvert: singular matrix.
May 28 17:11:31 HoumatoMacBook-Pro.local smartShop[44446] <Error>: CGAffineTransformInvert: singular matrix.
May 28 17:11:31 HoumatoMacBook-Pro.local smartShop[44446] <Error>: CGAffineTransformInvert: singular matrix.
May 28 17:11:31 HoumatoMacBook-Pro.local smartShop[44446] <Error>: CGAffineTransformInvert: singular matrix.
May 28 17:11:32 HoumatoMacBook-Pro.local smartShop[44446] <Error>: CGAffineTransformInvert: singular matrix.
May 28 17:11:32 HoumatoMacBook-Pro.local smartShop[44446] <Error>: CGAffineTransformInvert: singular matrix.
May 28 17:11:32 HoumatoMacBook-Pro.local smartShop[44446] <Error>: CGAffineTransformInvert: singular matrix.
May 28 17:11:32 HoumatoMacBook-Pro.local smartShop[44446] <Error>: CGAffineTransformInvert: singular matrix.
May 28 17:11:32 HoumatoMacBook-Pro.local smartShop[44446] <Error>: CGAffineTransformInvert: singular matrix.
May 28 17:11:32 HoumatoMacBook-Pro.local smartShop[44446] <Error>: CGAffineTransformInvert: singular matrix.
May 28 17:11:32 HoumatoMacBook-Pro.local smartShop[44446] <Error>: CGAffineTransformInvert: singular matrix.
May 28 17:11:32 HoumatoMacBook-Pro.local smartShop[44446] <Error>: CGAffineTransformInvert: singular matrix.
May 28 17:11:32 HoumatoMacBook-Pro.local smartShop[44446] <Error>: CGAffineTransformInvert: singular matrix.
May 28 17:11:32 HoumatoMacBook-Pro.local smartShop[44446] <Error>: CGAffineTransformInvert: singular matrix.
May 28 17:11:32 HoumatoMacBook-Pro.local smartShop[44446] <Error>: CGAffineTransformInvert: singular matrix.
May 28 17:11:32 HoumatoMacBook-Pro.local smartShop[44446] <Error>: CGAffineTransformInvert: singular matrix.
May 28 17:11:32 HoumatoMacBook-Pro.local smartShop[44446] <Error>: CGAffineTransformInvert: singular matrix.
May 28 17:11:32 HoumatoMacBook-Pro.local smartShop[44446] <Error>: CGAffineTransformInvert: singular matrix.
May 28 17:11:33 HoumatoMacBook-Pro.local smartShop[44446] <Error>: CGAffineTransformInvert: singular matrix.
May 28 17:11:33 HoumatoMacBook-Pro.local smartShop[44446] <Error>: CGAffineTransformInvert: singular matrix.
May 28 17:11:34 HoumatoMacBook-Pro.local smartShop[44446] <Error>: CGAffineTransformInvert: singular matrix.
May 28 17:11:34 HoumatoMacBook-Pro.local smartShop[44446] <Error>: CGAffineTransformInvert: singular matrix.
May 28 17:11:34 HoumatoMacBook-Pro.local smartShop[44446] <Error>: CGAffineTransformInvert: singular matrix.
May 28 17:11:34 HoumatoMacBook-Pro.local smartShop[44446] <Error>: CGAffineTransformInvert: singular matrix.
May 28 17:11:34 HoumatoMacBook-Pro.local smartShop[44446] <Error>: CGAffineTransformInvert: singular matrix.
May 28 17:11:34 HoumatoMacBook-Pro.local smartShop[44446] <Error>: CGAffineTransformInvert: singular matrix.
May 28 17:11:34 HoumatoMacBook-Pro.local smartShop[44446] <Error>: CGAffineTransformInvert: singular matrix.
May 28 17:11:34 HoumatoMacBook-Pro.local smartShop[44446] <Error>: CGAffineTransformInvert: singular matrix.
May 28 17:11:34 HoumatoMacBook-Pro.local smartShop[44446] <Error>: CGAffineTransformInvert: singular matrix.
May 28 17:11:34 HoumatoMacBook-Pro.local smartShop[44446] <Error>: CGAffineTransformInvert: singular matrix.
May 28 17:11:34 HoumatoMacBook-Pro.local smartShop[44446] <Error>: CGAffineTransformInvert: singular matrix.
May 28 17:11:34 HoumatoMacBook-Pro.local smartShop[44446] <Error>: CGAffineTransformInvert: singular matrix.
May 28 17:11:34 HoumatoMacBook-Pro.local smartShop[44446] <Error>: CGAffineTransformInvert: singular matrix.
May 28 17:11:34 HoumatoMacBook-Pro.local smartShop[44446] <Error>: CGAffineTransformInvert: singular matrix.
May 28 17:11:34 HoumatoMacBook-Pro.local smartShop[44446] <Error>: CGAffineTransformInvert: singular matrix.
May 28 17:11:34 HoumatoMacBook-Pro.local smartShop[44446] <Error>: CGAffineTransformInvert: singular matrix.
May 28 17:11:35 HoumatoMacBook-Pro.local smartShop[44446] <Error>: CGAffineTransformInvert: singular matrix.
May 28 17:11:35 HoumatoMacBook-Pro.local smartShop[44446] <Error>: CGAffineTransformInvert: singular matrix.
May 28 17:11:35 HoumatoMacBook-Pro.local smartShop[44446] <Error>: CGAffineTransformInvert: singular matrix.
May 28 17:11:35 HoumatoMacBook-Pro.local smartShop[44446] <Error>: CGAffineTransformInvert: singular matrix.
May 28 17:11:35 HoumatoMacBook-Pro.local smartShop[44446] <Error>: CGAffineTransformInvert: singular matrix.
May 28 17:11:35 HoumatoMacBook-Pro.local smartShop[44446] <Error>: CGAffineTransformInvert: singular matrix.
May 28 17:11:35 HoumatoMacBook-Pro.local smartShop[44446] <Error>: CGAffineTransformInvert: singular matrix.
May 28 17:11:35 HoumatoMacBook-Pro.local smartShop[44446] <Error>: CGAffineTransformInvert: singular matrix.
May 28 17:11:35 HoumatoMacBook-Pro.local smartShop[44446] <Error>: CGAffineTransformInvert: singular matrix.
May 28 17:11:35 HoumatoMacBook-Pro.local smartShop[44446] <Error>: CGAffineTransformInvert: singular matrix.
May 28 17:11:35 HoumatoMacBook-Pro.local smartShop[44446] <Error>: CGAffineTransformInvert: singular matrix.
May 28 17:11:35 HoumatoMacBook-Pro.local smartShop[44446] <Error>: CGAffineTransformInvert: singular matrix.
May 28 17:11:35 HoumatoMacBook-Pro.local smartShop[44446] <Error>: CGAffineTransformInvert: singular matrix.
May 28 17:11:35 HoumatoMacBook-Pro.local smartShop[44446] <Error>: CGAffineTransformInvert: singular matrix.
May 28 17:11:37 HoumatoMacBook-Pro.local smartShop[44446] <Error>: CGAffineTransformInvert: singular matrix.
May 28 17:11:37 HoumatoMacBook-Pro.local smartShop[44446] <Error>: CGAffineTransformInvert: singular matrix.
May 28 17:11:38 HoumatoMacBook-Pro.local smartShop[44446] <Error>: CGAffineTransformInvert: singular matrix.
May 28 17:11:38 HoumatoMacBook-Pro.local smartShop[44446] <Error>: CGAffineTransformInvert: singular matrix.
May 28 17:11:41 HoumatoMacBook-Pro.local smartShop[44446] <Error>: CGAffineTransformInvert: singular matrix.
May 28 17:11:41 HoumatoMacBook-Pro.local smartShop[44446] <Error>: CGAffineTransformInvert: singular matrix.
2013-05-28 17:11:45.747 smartShop[44446:c07] CDVWebViewDelegate: Navigation started when state=1
2013-05-28 17:11:45.747 smartShop[44446:c07] Failed to load webpage with error: (null)
May 28 17:11:45 HoumatoMacBook-Pro.local smartShop[44446] <Error>: CGAffineTransformInvert: singular matrix.
May 28 17:11:45 HoumatoMacBook-Pro.local smartShop[44446] <Error>: CGAffineTransformInvert: singular matrix.
2013-05-28 17:11:56.463 smartShop[44446:c07] CDVWebViewDelegate: Navigation started when state=1
2013-05-28 17:11:56.463 smartShop[44446:c07] Failed to load webpage with error: (null)
May 28 17:11:56 HoumatoMacBook-Pro.local smartShop[44446] <Error>: CGAffineTransformInvert: singular matrix.
May 28 17:11:56 HoumatoMacBook-Pro.local smartShop[44446] <Error>: CGAffineTransformInvert: singular matrix.
May 28 17:11:56 HoumatoMacBook-Pro.local smartShop[44446] <Error>: CGAffineTransformInvert: singular matrix.
May 28 17:11:56 HoumatoMacBook-Pro.local smartShop[44446] <Error>: CGAffineTransformInvert: singular matrix.
May 28 17:11:56 HoumatoMacBook-Pro.local smartShop[44446] <Error>: CGAffineTransformInvert: singular matrix.
May 28 17:11:56 HoumatoMacBook-Pro.local smartShop[44446] <Error>: CGAffineTransformInvert: singular matrix.
May 28 17:11:56 HoumatoMacBook-Pro.local smartShop[44446] <Error>: CGAffineTransformInvert: singular matrix.
May 28 17:11:56 HoumatoMacBook-Pro.local smartShop[44446] <Error>: CGAffineTransformInvert: singular matrix.
2013-05-28 17:11:58.277 smartShop[44446:c07] CDVWebViewDelegate: Navigation started when state=1
2013-05-28 17:11:58.278 smartShop[44446:c07] Failed to load webpage with error: (null)
May 28 17:11:58 HoumatoMacBook-Pro.local smartShop[44446] <Error>: CGAffineTransformInvert: singular matrix.
May 28 17:11:58 HoumatoMacBook-Pro.local smartShop[44446] <Error>: CGAffineTransformInvert: singular matrix.
2013-05-28 17:12:14.099 smartShop[44446:c07] CDVWebViewDelegate: Navigation started when state=1
2013-05-28 17:12:14.099 smartShop[44446:c07] Failed to load webpage with error: (null)
2013-05-28 17:13:44.402 smartShop[44446:c07] CDVWebViewDelegate: Navigation started when state=1
2013-05-28 17:13:44.402 smartShop[44446:c07] Failed to load webpage with error: (null)
May 28 17:13:44 HoumatoMacBook-Pro.local smartShop[44446] <Error>: CGAffineTransformInvert: singular matrix.
May 28 17:13:44 HoumatoMacBook-Pro.local smartShop[44446] <Error>: CGAffineTransformInvert: singular matrix.
May 28 17:13:44 HoumatoMacBook-Pro.local smartShop[44446] <Error>: CGAffineTransformInvert: singular matrix.
May 28 17:13:44 HoumatoMacBook-Pro.local smartShop[44446] <Error>: CGAffineTransformInvert: singular matrix.
May 28 17:13:44 HoumatoMacBook-Pro.local smartShop[44446] <Error>: CGAffineTransformInvert: singular matrix.
May 28 17:13:44 HoumatoMacBook-Pro.local smartShop[44446] <Error>: CGAffineTransformInvert: singular matrix.
May 28 17:13:44 HoumatoMacBook-Pro.local smartShop[44446] <Error>: CGAffineTransformInvert: singular matrix.
May 28 17:13:44 HoumatoMacBook-Pro.local smartShop[44446] <Error>: CGAffineTransformInvert: singular matrix.
May 28 17:13:45 HoumatoMacBook-Pro.local smartShop[44446] <Error>: CGAffineTransformInvert: singular matrix.
May 28 17:13:45 HoumatoMacBook-Pro.local smartShop[44446] <Error>: CGAffineTransformInvert: singular matrix.
May 28 17:13:48 HoumatoMacBook-Pro.local smartShop[44446] <Error>: CGAffineTransformInvert: singular matrix.
May 28 17:13:48 HoumatoMacBook-Pro.local smartShop[44446] <Error>: CGAffineTransformInvert: singular matrix.
May 28 17:13:49 HoumatoMacBook-Pro.local smartShop[44446] <Error>: CGAffineTransformInvert: singular matrix.
May 28 17:13:49 HoumatoMacBook-Pro.local smartShop[44446] <Error>: CGAffineTransformInvert: singular matrix.
May 28 17:13:50 HoumatoMacBook-Pro.local smartShop[44446] <Error>: CGAffineTransformInvert: singular matrix.
May 28 17:13:50 HoumatoMacBook-Pro.local smartShop[44446] <Error>: CGAffineTransformInvert: singular matrix.
2013-05-28 17:13:54.063 smartShop[44446:c07] CDVWebViewDelegate: Navigation started when state=1
2013-05-28 17:13:54.063 smartShop[44446:c07] Failed to load webpage with error: (null)
May 28 17:13:54 HoumatoMacBook-Pro.local smartShop[44446] <Error>: CGAffineTransformInvert: singular matrix.
May 28 17:13:54 HoumatoMacBook-Pro.local smartShop[44446] <Error>: CGAffineTransformInvert: singular matrix.
Terminating in response to SpringBoard's termination.
